{"numFailedTestSuites":0,"numFailedTests":0,"numPassedTestSuites":4,"numPassedTests":22,"numPendingTestSuites":0,"numPendingTests":0,"numRuntimeErrorTestSuites":0,"numTodoTests":0,"numTotalTestSuites":4,"numTotalTests":22,"openHandles":[],"snapshot":{"added":0,"didUpdate":false,"failure":false,"filesAdded":0,"filesRemoved":0,"filesRemovedList":[],"filesUnmatched":0,"filesUpdated":0,"matched":0,"total":0,"unchecked":0,"uncheckedKeysByFile":[],"unmatched":0,"updated":0},"startTime":1753514724287,"success":true,"testResults":[{"assertionResults":[{"ancestorTitles":["TicketList"],"failureMessages":[],"fullName":"TicketList shows loading, populated, and empty states","location":null,"status":"passed","title":"shows loading, populated, and empty states"},{"ancestorTitles":["TicketList"],"failureMessages":[],"fullName":"TicketList shows empty state if no tickets","location":null,"status":"passed","title":"shows empty state if no tickets"},{"ancestorTitles":["TicketList"],"failureMessages":[],"fullName":"TicketList calls onViewDetails when button clicked","location":null,"status":"passed","title":"calls onViewDetails when button clicked"},{"ancestorTitles":["TicketList"],"failureMessages":[],"fullName":"TicketList shows error state","location":null,"status":"passed","title":"shows error state"}],"endTime":1753514727775,"message":"","name":"/home/coder/project/workspace/question_generation_service/solutions/27bc3dbe-5a7f-4b7d-bd8f-5bb5f8a75e4e/reactapp/src/components/TicketList.test.js","startTime":1753514725362,"status":"passed","summary":""},{"assertionResults":[{"ancestorTitles":["API utilities"],"failureMessages":[],"fullName":"API utilities fetchAllTickets success","location":null,"status":"passed","title":"fetchAllTickets success"},{"ancestorTitles":["API utilities"],"failureMessages":[],"fullName":"API utilities fetchAllTickets error","location":null,"status":"passed","title":"fetchAllTickets error"},{"ancestorTitles":["API utilities"],"failureMessages":[],"fullName":"API utilities fetchTicketById success","location":null,"status":"passed","title":"fetchTicketById success"},{"ancestorTitles":["API utilities"],"failureMessages":[],"fullName":"API utilities fetchTicketById error","location":null,"status":"passed","title":"fetchTicketById error"},{"ancestorTitles":["API utilities"],"failureMessages":[],"fullName":"API utilities createTicket works (201)","location":null,"status":"passed","title":"createTicket works (201)"},{"ancestorTitles":["API utilities"],"failureMessages":[],"fullName":"API utilities createTicket validation error","location":null,"status":"passed","title":"createTicket validation error"},{"ancestorTitles":["API utilities"],"failureMessages":[],"fullName":"API utilities updateTicketStatus works","location":null,"status":"passed","title":"updateTicketStatus works"},{"ancestorTitles":["API utilities"],"failureMessages":[],"fullName":"API utilities updateTicketStatus error","location":null,"status":"passed","title":"updateTicketStatus error"},{"ancestorTitles":["API utilities"],"failureMessages":[],"fullName":"API utilities extractErrorMessages utility","location":null,"status":"passed","title":"extractErrorMessages utility"}],"endTime":1753514728119,"message":"","name":"/home/coder/project/workspace/question_generation_service/solutions/27bc3dbe-5a7f-4b7d-bd8f-5bb5f8a75e4e/reactapp/src/utils/api.test.js","startTime":1753514727816,"status":"passed","summary":""},{"assertionResults":[{"ancestorTitles":["TicketDetails"],"failureMessages":[],"fullName":"TicketDetails shows loading and ticket details, all fields present","location":null,"status":"passed","title":"shows loading and ticket details, all fields present"},{"ancestorTitles":["TicketDetails"],"failureMessages":[],"fullName":"TicketDetails shows error if ticket not found","location":null,"status":"passed","title":"shows error if ticket not found"},{"ancestorTitles":["TicketDetails"],"failureMessages":[],"fullName":"TicketDetails can update status and see success","location":null,"status":"passed","title":"can update status and see success"},{"ancestorTitles":["TicketDetails"],"failureMessages":[],"fullName":"TicketDetails shows error for invalid status","location":null,"status":"passed","title":"shows error for invalid status"},{"ancestorTitles":["TicketDetails"],"failureMessages":[],"fullName":"TicketDetails shows API error for backend failure","location":null,"status":"passed","title":"shows API error for backend failure"}],"endTime":1753514728160,"message":"","name":"/home/coder/project/workspace/question_generation_service/solutions/27bc3dbe-5a7f-4b7d-bd8f-5bb5f8a75e4e/reactapp/src/components/TicketDetails.test.js","startTime":1753514725344,"status":"passed","summary":""},{"assertionResults":[{"ancestorTitles":["CreateTicket"],"failureMessages":[],"fullName":"CreateTicket shows client-side validation and disables submit","location":null,"status":"passed","title":"shows client-side validation and disables submit"},{"ancestorTitles":["CreateTicket"],"failureMessages":[],"fullName":"CreateTicket submits valid form and shows success","location":null,"status":"passed","title":"submits valid form and shows success"},{"ancestorTitles":["CreateTicket"],"failureMessages":[],"fullName":"CreateTicket shows backend validation errors","location":null,"status":"passed","title":"shows backend validation errors"},{"ancestorTitles":["CreateTicket"],"failureMessages":[],"fullName":"CreateTicket shows general API error for unexpected backend failure","location":null,"status":"passed","title":"shows general API error for unexpected backend failure"}],"endTime":1753514731862,"message":"","name":"/home/coder/project/workspace/question_generation_service/solutions/27bc3dbe-5a7f-4b7d-bd8f-5bb5f8a75e4e/reactapp/src/components/CreateTicket.test.js","startTime":1753514725343,"status":"passed","summary":""}],"wasInterrupted":false}